<?xml version="1.0" encoding="UTF-8" ?>
<testsuite name="CountItOutTestSuite" tests="4" suites="0" errors="0" failures="0" skipped="0" time="29.489">
	<testcase name="InitialView.mt" time="2.077" />
	<testcase name="CountUpBasic.mt" time="8.369" />
	<testcase name="AnotherTest.mt" time="9.776" />
	<testcase name="CountDownBasic.mt" time="9.267" />
</testsuite>