<?xml version="1.0" encoding="UTF-8" ?>
<testsuite name="CountItOutTestSuite" tests="9" suites="0" errors="0" failures="0" skipped="0" time="78.453">
	<testcase name="InitialView.mt" time="2.243" />
	<testcase name="CountUpBasic.mt" time="19.641" />
	<testcase name="AnotherTest.mt" time="9.805" />
	<testcase name="CountDownBasic.mt" time="9.329" />
	<testcase name="FinalView.mt" time="5.084" />
	<testcase name="DecrementTest.mt" time="9.671" />
	<testcase name="DeletesTest.mt" time="2.574" />
	<testcase name="TwoCounterOneGroup.mt" time="18.060" />
	<testcase name="InitialView.mt" time="2.046" />
</testsuite>